<?xml version="1.0" encoding="UTF-8"?>
<coverage generated="1615217327598" clover="3.2.0">
  <project timestamp="1615217327598" name="All files">
    <metrics statements="131" coveredstatements="108" conditionals="81" coveredconditionals="50" methods="21" coveredmethods="16" elements="233" coveredelements="174" complexity="0" loc="131" ncloc="131" packages="3" files="6" classes="6"/>
    <package name="reactivity">
      <metrics statements="70" coveredstatements="69" conditionals="37" coveredconditionals="31" methods="12" coveredmethods="12"/>
      <file name="effect.ts" path="D:\PROJECT\vvix\lib\reactivity\effect.ts">
        <metrics statements="41" coveredstatements="41" conditionals="21" coveredconditionals="20" methods="7" coveredmethods="7"/>
        <line num="16" count="1" type="stmt"/>
        <line num="17" count="1" type="stmt"/>
        <line num="19" count="1" type="cond" truecount="1" falsecount="0"/>
        <line num="23" count="56" type="stmt"/>
        <line num="24" count="56" type="cond" truecount="2" falsecount="0"/>
        <line num="25" count="55" type="stmt"/>
        <line num="27" count="1" type="stmt"/>
        <line num="30" count="1" type="stmt"/>
        <line num="31" count="56" type="stmt"/>
        <line num="32" count="709" type="cond" truecount="1" falsecount="1"/>
        <line num="33" count="709" type="stmt"/>
        <line num="34" count="709" type="cond" truecount="2" falsecount="0"/>
        <line num="35" count="74" type="stmt"/>
        <line num="37" count="709" type="stmt"/>
        <line num="38" count="709" type="stmt"/>
        <line num="40" count="709" type="stmt"/>
        <line num="41" count="709" type="stmt"/>
        <line num="45" count="56" type="cond" truecount="2" falsecount="0"/>
        <line num="46" count="56" type="cond" truecount="2" falsecount="0"/>
        <line num="47" count="56" type="stmt"/>
        <line num="48" count="56" type="stmt"/>
        <line num="49" count="56" type="stmt"/>
        <line num="52" count="1" type="stmt"/>
        <line num="53" count="662" type="stmt"/>
        <line num="54" count="662" type="cond" truecount="2" falsecount="0"/>
        <line num="55" count="660" type="stmt"/>
        <line num="56" count="660" type="cond" truecount="2" falsecount="0"/>
        <line num="57" count="653" type="stmt"/>
        <line num="60" count="1" type="stmt"/>
        <line num="62" count="1" type="stmt"/>
        <line num="63" count="740" type="stmt"/>
        <line num="64" count="740" type="cond" truecount="2" falsecount="0"/>
        <line num="65" count="41" type="stmt"/>
        <line num="67" count="740" type="stmt"/>
        <line num="68" count="740" type="cond" truecount="2" falsecount="0"/>
        <line num="69" count="61" type="stmt"/>
        <line num="71" count="740" type="cond" truecount="2" falsecount="0"/>
        <line num="72" count="76" type="stmt"/>
        <line num="73" count="76" type="stmt"/>
        <line num="77" count="1" type="stmt"/>
        <line num="78" count="2" type="stmt"/>
      </file>
      <file name="index.ts" path="D:\PROJECT\vvix\lib\reactivity\index.ts">
        <metrics statements="2" coveredstatements="2" conditionals="0" coveredconditionals="0" methods="0" coveredmethods="0"/>
        <line num="1" count="1" type="stmt"/>
        <line num="2" count="1" type="stmt"/>
      </file>
      <file name="reactive.ts" path="D:\PROJECT\vvix\lib\reactivity\reactive.ts">
        <metrics statements="27" coveredstatements="26" conditionals="16" coveredconditionals="11" methods="5" coveredmethods="5"/>
        <line num="1" count="1" type="stmt"/>
        <line num="3" count="1" type="stmt"/>
        <line num="4" count="1" type="stmt"/>
        <line num="6" count="1" type="stmt"/>
        <line num="8" count="740" type="cond" truecount="1" falsecount="1"/>
        <line num="9" count="740" type="cond" truecount="1" falsecount="1"/>
        <line num="10" count="740" type="stmt"/>
        <line num="11" count="740" type="stmt"/>
        <line num="12" count="726" type="cond" truecount="2" falsecount="0"/>
        <line num="15" count="668" type="stmt"/>
        <line num="16" count="667" type="stmt"/>
        <line num="17" count="666" type="cond" truecount="2" falsecount="0"/>
        <line num="18" count="662" type="stmt"/>
        <line num="20" count="31" type="stmt"/>
        <line num="24" count="1" type="stmt"/>
        <line num="25" count="48" type="cond" truecount="1" falsecount="1"/>
        <line num="26" count="48" type="cond" truecount="2" falsecount="0"/>
        <line num="28" count="47" type="cond" truecount="1" falsecount="1"/>
        <line num="29" count="0" type="stmt"/>
        <line num="31" count="47" type="stmt"/>
        <line num="32" count="47" type="stmt"/>
        <line num="33" count="47" type="stmt"/>
        <line num="36" count="1" type="stmt"/>
        <line num="37" count="3" type="cond" truecount="1" falsecount="1"/>
        <line num="40" count="1" type="stmt"/>
        <line num="41" count="1" type="stmt"/>
        <line num="42" count="1" type="stmt"/>
      </file>
    </package>
    <package name="shared">
      <metrics statements="13" coveredstatements="4" conditionals="8" coveredconditionals="0" methods="4" coveredmethods="0"/>
      <file name="index.ts" path="D:\PROJECT\vvix\lib\shared\index.ts">
        <metrics statements="13" coveredstatements="4" conditionals="8" coveredconditionals="0" methods="4" coveredmethods="0"/>
        <line num="11" count="1" type="stmt"/>
        <line num="12" count="0" type="stmt"/>
        <line num="14" count="1" type="stmt"/>
        <line num="15" count="0" type="stmt"/>
        <line num="16" count="0" type="stmt"/>
        <line num="19" count="1" type="cond" truecount="0" falsecount="2"/>
        <line num="21" count="1" type="stmt"/>
        <line num="22" count="0" type="cond" truecount="0" falsecount="2"/>
        <line num="23" count="0" type="stmt"/>
        <line num="25" count="0" type="stmt"/>
        <line num="26" count="0" type="cond" truecount="0" falsecount="4"/>
        <line num="27" count="0" type="stmt"/>
        <line num="31" count="0" type="stmt"/>
      </file>
    </package>
    <package name="vdom">
      <metrics statements="48" coveredstatements="35" conditionals="36" coveredconditionals="19" methods="5" coveredmethods="4"/>
      <file name="index.ts" path="D:\PROJECT\vvix\lib\vdom\index.ts">
        <metrics statements="1" coveredstatements="1" conditionals="0" coveredconditionals="0" methods="0" coveredmethods="0"/>
        <line num="1" count="1" type="stmt"/>
      </file>
      <file name="vdom.ts" path="D:\PROJECT\vvix\lib\vdom\vdom.ts">
        <metrics statements="47" coveredstatements="34" conditionals="36" coveredconditionals="19" methods="5" coveredmethods="4"/>
        <line num="2" count="1" type="stmt"/>
        <line num="6" count="0" type="stmt"/>
        <line num="8" count="0" type="cond" truecount="0" falsecount="2"/>
        <line num="34" count="1" type="cond" truecount="2" falsecount="0"/>
        <line num="35" count="1" type="stmt"/>
        <line num="36" count="1" type="stmt"/>
        <line num="38" count="1" type="cond" truecount="2" falsecount="0"/>
        <line num="39" count="1" type="stmt"/>
        <line num="40" count="1" type="stmt"/>
        <line num="41" count="1" type="stmt"/>
        <line num="42" count="1" type="stmt"/>
        <line num="54" count="1" type="stmt"/>
        <line num="56" count="2" type="stmt"/>
        <line num="57" count="2" type="stmt"/>
        <line num="58" count="2" type="stmt"/>
        <line num="62" count="2" type="stmt"/>
        <line num="63" count="2" type="stmt"/>
        <line num="65" count="2" type="stmt"/>
        <line num="66" count="2" type="cond" truecount="2" falsecount="0"/>
        <line num="67" count="1" type="stmt"/>
        <line num="68" count="1" type="stmt"/>
        <line num="78" count="1" type="stmt"/>
        <line num="81" count="2" type="stmt"/>
        <line num="82" count="2" type="stmt"/>
        <line num="85" count="2" type="cond" truecount="2" falsecount="0"/>
        <line num="86" count="1" type="stmt"/>
        <line num="87" count="1" type="cond" truecount="1" falsecount="1"/>
        <line num="88" count="1" type="stmt"/>
        <line num="89" count="0" type="cond" truecount="0" falsecount="2"/>
        <line num="91" count="0" type="cond" truecount="0" falsecount="2"/>
        <line num="92" count="0" type="stmt"/>
        <line num="93" count="0" type="cond" truecount="0" falsecount="2"/>
        <line num="94" count="0" type="stmt"/>
        <line num="96" count="0" type="stmt"/>
        <line num="98" count="0" type="cond" truecount="0" falsecount="2"/>
        <line num="99" count="0" type="stmt"/>
        <line num="101" count="0" type="stmt"/>
        <line num="102" count="0" type="stmt"/>
        <line num="105" count="2" type="stmt"/>
        <line num="116" count="1" type="stmt"/>
        <line num="117" count="2" type="stmt"/>
        <line num="118" count="2" type="cond" truecount="2" falsecount="0"/>
        <line num="119" count="1" type="stmt"/>
        <line num="120" count="1" type="cond" truecount="1" falsecount="1"/>
        <line num="121" count="1" type="stmt"/>
        <line num="123" count="0" type="stmt"/>
        <line num="125" count="2" type="cond" truecount="2" falsecount="0"/>
      </file>
    </package>
  </project>
</coverage>
