{"D:\\PROJECT\\vvix\\lib\\reactivity\\effect.ts": {"path":"D:\\PROJECT\\vvix\\lib\\reactivity\\effect.ts","statementMap":{"0":{"start":{"line":16,"column":13},"end":{"line":16,"column":null}},"1":{"start":{"line":17,"column":11},"end":{"line":17,"column":null}},"2":{"start":{"line":23,"column":18},"end":{"line":23,"column":42}},"3":{"start":{"line":24,"column":2},"end":{"line":26,"column":null}},"4":{"start":{"line":25,"column":4},"end":{"line":25,"column":null}},"5":{"start":{"line":27,"column":2},"end":{"line":27,"column":null}},"6":{"start":{"line":19,"column":0},"end":{"line":19,"column":16}},"7":{"start":{"line":31,"column":25},"end":{"line":44,"column":13}},"8":{"start":{"line":32,"column":4},"end":{"line":43,"column":null}},"9":{"start":{"line":33,"column":6},"end":{"line":42,"column":null}},"10":{"start":{"line":34,"column":8},"end":{"line":36,"column":null}},"11":{"start":{"line":35,"column":10},"end":{"line":35,"column":null}},"12":{"start":{"line":37,"column":8},"end":{"line":37,"column":null}},"13":{"start":{"line":38,"column":8},"end":{"line":38,"column":null}},"14":{"start":{"line":40,"column":8},"end":{"line":40,"column":null}},"15":{"start":{"line":41,"column":8},"end":{"line":41,"column":null}},"16":{"start":{"line":45,"column":2},"end":{"line":45,"column":37}},"17":{"start":{"line":46,"column":2},"end":{"line":46,"column":40}},"18":{"start":{"line":47,"column":2},"end":{"line":47,"column":null}},"19":{"start":{"line":48,"column":2},"end":{"line":48,"column":null}},"20":{"start":{"line":49,"column":2},"end":{"line":49,"column":null}},"21":{"start":{"line":30,"column":0},"end":{"line":30,"column":16}},"22":{"start":{"line":52,"column":23},"end":{"line":58,"column":1}},"23":{"start":{"line":53,"column":18},"end":{"line":53,"column":39}},"24":{"start":{"line":54,"column":2},"end":{"line":54,"column":22}},"25":{"start":{"line":54,"column":16},"end":{"line":54,"column":22}},"26":{"start":{"line":55,"column":15},"end":{"line":55,"column":31}},"27":{"start":{"line":56,"column":2},"end":{"line":56,"column":19}},"28":{"start":{"line":56,"column":13},"end":{"line":56,"column":19}},"29":{"start":{"line":57,"column":2},"end":{"line":57,"column":null}},"30":{"start":{"line":57,"column":25},"end":{"line":57,"column":33}},"31":{"start":{"line":52,"column":13},"end":{"line":52,"column":23}},"32":{"start":{"line":60,"column":18},"end":{"line":60,"column":72}},"33":{"start":{"line":62,"column":21},"end":{"line":75,"column":1}},"34":{"start":{"line":63,"column":16},"end":{"line":63,"column":37}},"35":{"start":{"line":64,"column":2},"end":{"line":66,"column":null}},"36":{"start":{"line":65,"column":4},"end":{"line":65,"column":null}},"37":{"start":{"line":67,"column":13},"end":{"line":67,"column":29}},"38":{"start":{"line":68,"column":2},"end":{"line":70,"column":null}},"39":{"start":{"line":69,"column":4},"end":{"line":69,"column":null}},"40":{"start":{"line":71,"column":2},"end":{"line":74,"column":null}},"41":{"start":{"line":72,"column":4},"end":{"line":72,"column":null}},"42":{"start":{"line":73,"column":4},"end":{"line":73,"column":null}},"43":{"start":{"line":62,"column":13},"end":{"line":62,"column":21}},"44":{"start":{"line":77,"column":20},"end":{"line":79,"column":1}},"45":{"start":{"line":78,"column":2},"end":{"line":78,"column":null}},"46":{"start":{"line":77,"column":13},"end":{"line":77,"column":20}}},"fnMap":{"0":{"name":"effect","decl":{"start":{"line":19,"column":16},"end":{"line":19,"column":22}},"loc":{"start":{"line":22,"column":1},"end":{"line":28,"column":1}}},"1":{"name":"createEffect","decl":{"start":{"line":30,"column":16},"end":{"line":30,"column":28}},"loc":{"start":{"line":30,"column":60},"end":{"line":50,"column":1}}},"2":{"name":"reactiveEffect","decl":{"start":{"line":31,"column":34},"end":{"line":31,"column":48}},"loc":{"start":{"line":31,"column":63},"end":{"line":44,"column":13}}},"3":{"name":"(anonymous_3)","decl":{"start":{"line":52,"column":23},"end":{"line":52,"column":24}},"loc":{"start":{"line":52,"column":72},"end":{"line":58,"column":1}}},"4":{"name":"(anonymous_4)","decl":{"start":{"line":57,"column":15},"end":{"line":57,"column":21}},"loc":{"start":{"line":57,"column":25},"end":{"line":57,"column":33}}},"5":{"name":"(anonymous_5)","decl":{"start":{"line":62,"column":21},"end":{"line":62,"column":22}},"loc":{"start":{"line":62,"column":60},"end":{"line":75,"column":1}}},"6":{"name":"(anonymous_6)","decl":{"start":{"line":77,"column":20},"end":{"line":77,"column":21}},"loc":{"start":{"line":77,"column":39},"end":{"line":79,"column":1}}}},"branchMap":{"0":{"loc":{"start":{"line":19,"column":57},"end":{"line":22,"column":null}},"type":"default-arg","locations":[{"start":{"line":19,"column":57},"end":{"line":22,"column":null}}]},"1":{"loc":{"start":{"line":24,"column":2},"end":{"line":26,"column":null}},"type":"if","locations":[{"start":{"line":24,"column":2},"end":{"line":26,"column":null}},{"start":{"line":24,"column":2},"end":{"line":26,"column":null}}]},"2":{"loc":{"start":{"line":32,"column":4},"end":{"line":43,"column":null}},"type":"if","locations":[{"start":{"line":32,"column":4},"end":{"line":43,"column":null}},{"start":{"line":32,"column":4},"end":{"line":43,"column":null}}]},"3":{"loc":{"start":{"line":34,"column":8},"end":{"line":36,"column":null}},"type":"if","locations":[{"start":{"line":34,"column":8},"end":{"line":36,"column":null}},{"start":{"line":34,"column":8},"end":{"line":36,"column":null}}]},"4":{"loc":{"start":{"line":45,"column":16},"end":{"line":45,"column":27}},"type":"binary-expr","locations":[{"start":{"line":45,"column":16},"end":{"line":45,"column":27}},{"start":{"line":45,"column":31},"end":{"line":45,"column":36}}]},"5":{"loc":{"start":{"line":46,"column":18},"end":{"line":46,"column":31}},"type":"binary-expr","locations":[{"start":{"line":46,"column":18},"end":{"line":46,"column":31}},{"start":{"line":46,"column":35},"end":{"line":46,"column":39}}]},"6":{"loc":{"start":{"line":54,"column":2},"end":{"line":54,"column":22}},"type":"if","locations":[{"start":{"line":54,"column":2},"end":{"line":54,"column":22}},{"start":{"line":54,"column":2},"end":{"line":54,"column":22}}]},"7":{"loc":{"start":{"line":56,"column":2},"end":{"line":56,"column":19}},"type":"if","locations":[{"start":{"line":56,"column":2},"end":{"line":56,"column":19}},{"start":{"line":56,"column":2},"end":{"line":56,"column":19}}]},"8":{"loc":{"start":{"line":64,"column":2},"end":{"line":66,"column":null}},"type":"if","locations":[{"start":{"line":64,"column":2},"end":{"line":66,"column":null}},{"start":{"line":64,"column":2},"end":{"line":66,"column":null}}]},"9":{"loc":{"start":{"line":68,"column":2},"end":{"line":70,"column":null}},"type":"if","locations":[{"start":{"line":68,"column":2},"end":{"line":70,"column":null}},{"start":{"line":68,"column":2},"end":{"line":70,"column":null}}]},"10":{"loc":{"start":{"line":71,"column":2},"end":{"line":74,"column":null}},"type":"if","locations":[{"start":{"line":71,"column":2},"end":{"line":74,"column":null}},{"start":{"line":71,"column":2},"end":{"line":74,"column":null}}]}},"s":{"0":1,"1":1,"2":56,"3":56,"4":55,"5":1,"6":1,"7":56,"8":709,"9":709,"10":709,"11":74,"12":709,"13":709,"14":709,"15":709,"16":56,"17":56,"18":56,"19":56,"20":56,"21":1,"22":1,"23":662,"24":662,"25":2,"26":660,"27":660,"28":8,"29":652,"30":653,"31":1,"32":1,"33":1,"34":740,"35":740,"36":41,"37":740,"38":740,"39":61,"40":740,"41":76,"42":76,"43":1,"44":1,"45":2,"46":1},"f":{"0":56,"1":56,"2":709,"3":662,"4":653,"5":740,"6":2},"b":{"0":[55],"1":[55,1],"2":[709,0],"3":[74,635],"4":[56,55],"5":[56,1],"6":[2,660],"7":[8,652],"8":[41,699],"9":[61,679],"10":[76,664]}}
,"D:\\PROJECT\\vvix\\lib\\reactivity\\index.ts": {"path":"D:\\PROJECT\\vvix\\lib\\reactivity\\index.ts","statementMap":{"0":{"start":{"line":1,"column":0},"end":{"line":1,"column":26}},"1":{"start":{"line":2,"column":0},"end":{"line":2,"column":24}}},"fnMap":{},"branchMap":{},"s":{"0":1,"1":1},"f":{},"b":{}}
,"D:\\PROJECT\\vvix\\lib\\reactivity\\reactive.ts": {"path":"D:\\PROJECT\\vvix\\lib\\reactivity\\reactive.ts","statementMap":{"0":{"start":{"line":1,"column":0},"end":{"line":1,"column":41}},"1":{"start":{"line":3,"column":18},"end":{"line":3,"column":67}},"2":{"start":{"line":4,"column":18},"end":{"line":4,"column":67}},"3":{"start":{"line":6,"column":39},"end":{"line":22,"column":null}},"4":{"start":{"line":8,"column":4},"end":{"line":8,"column":null}},"5":{"start":{"line":8,"column":25},"end":{"line":8,"column":null}},"6":{"start":{"line":9,"column":4},"end":{"line":9,"column":null}},"7":{"start":{"line":9,"column":24},"end":{"line":9,"column":null}},"8":{"start":{"line":10,"column":16},"end":{"line":10,"column":50}},"9":{"start":{"line":11,"column":4},"end":{"line":11,"column":null}},"10":{"start":{"line":12,"column":4},"end":{"line":12,"column":null}},"11":{"start":{"line":15,"column":21},"end":{"line":15,"column":32}},"12":{"start":{"line":16,"column":19},"end":{"line":16,"column":60}},"13":{"start":{"line":17,"column":4},"end":{"line":19,"column":null}},"14":{"start":{"line":18,"column":6},"end":{"line":18,"column":null}},"15":{"start":{"line":20,"column":4},"end":{"line":20,"column":null}},"16":{"start":{"line":24,"column":24},"end":{"line":34,"column":1}},"17":{"start":{"line":25,"column":2},"end":{"line":25,"column":null}},"18":{"start":{"line":25,"column":34},"end":{"line":25,"column":null}},"19":{"start":{"line":26,"column":2},"end":{"line":26,"column":null}},"20":{"start":{"line":26,"column":19},"end":{"line":26,"column":null}},"21":{"start":{"line":28,"column":2},"end":{"line":30,"column":null}},"22":{"start":{"line":29,"column":4},"end":{"line":29,"column":null}},"23":{"start":{"line":31,"column":2},"end":{"line":31,"column":null}},"24":{"start":{"line":32,"column":2},"end":{"line":32,"column":null}},"25":{"start":{"line":33,"column":2},"end":{"line":33,"column":null}},"26":{"start":{"line":24,"column":13},"end":{"line":24,"column":24}},"27":{"start":{"line":36,"column":21},"end":{"line":38,"column":1}},"28":{"start":{"line":37,"column":2},"end":{"line":37,"column":null}},"29":{"start":{"line":36,"column":13},"end":{"line":36,"column":21}},"30":{"start":{"line":40,"column":23},"end":{"line":43,"column":1}},"31":{"start":{"line":41,"column":2},"end":{"line":41,"column":null}},"32":{"start":{"line":42,"column":2},"end":{"line":42,"column":null}},"33":{"start":{"line":40,"column":13},"end":{"line":40,"column":23}}},"fnMap":{"0":{"name":"(anonymous_0)","decl":{"start":{"line":7,"column":2},"end":{"line":7,"column":5}},"loc":{"start":{"line":7,"column":27},"end":{"line":13,"column":3}}},"1":{"name":"(anonymous_1)","decl":{"start":{"line":14,"column":2},"end":{"line":14,"column":5}},"loc":{"start":{"line":14,"column":34},"end":{"line":21,"column":3}}},"2":{"name":"(anonymous_2)","decl":{"start":{"line":24,"column":24},"end":{"line":24,"column":53}},"loc":{"start":{"line":24,"column":69},"end":{"line":34,"column":1}}},"3":{"name":"(anonymous_3)","decl":{"start":{"line":36,"column":21},"end":{"line":36,"column":22}},"loc":{"start":{"line":36,"column":50},"end":{"line":38,"column":1}}},"4":{"name":"(anonymous_4)","decl":{"start":{"line":40,"column":23},"end":{"line":40,"column":24}},"loc":{"start":{"line":40,"column":52},"end":{"line":43,"column":1}}}},"branchMap":{"0":{"loc":{"start":{"line":8,"column":4},"end":{"line":8,"column":null}},"type":"if","locations":[{"start":{"line":8,"column":4},"end":{"line":8,"column":null}},{"start":{"line":8,"column":4},"end":{"line":8,"column":null}}]},"1":{"loc":{"start":{"line":9,"column":4},"end":{"line":9,"column":null}},"type":"if","locations":[{"start":{"line":9,"column":4},"end":{"line":9,"column":null}},{"start":{"line":9,"column":4},"end":{"line":9,"column":null}}]},"2":{"loc":{"start":{"line":12,"column":37},"end":{"line":12,"column":50}},"type":"cond-expr","locations":[{"start":{"line":12,"column":37},"end":{"line":12,"column":50}},{"start":{"line":12,"column":53},"end":{"line":12,"column":56}}]},"3":{"loc":{"start":{"line":17,"column":4},"end":{"line":19,"column":null}},"type":"if","locations":[{"start":{"line":17,"column":4},"end":{"line":19,"column":null}},{"start":{"line":17,"column":4},"end":{"line":19,"column":null}}]},"4":{"loc":{"start":{"line":25,"column":2},"end":{"line":25,"column":null}},"type":"if","locations":[{"start":{"line":25,"column":2},"end":{"line":25,"column":null}},{"start":{"line":25,"column":2},"end":{"line":25,"column":null}}]},"5":{"loc":{"start":{"line":26,"column":2},"end":{"line":26,"column":null}},"type":"if","locations":[{"start":{"line":26,"column":2},"end":{"line":26,"column":null}},{"start":{"line":26,"column":2},"end":{"line":26,"column":null}}]},"6":{"loc":{"start":{"line":28,"column":2},"end":{"line":30,"column":null}},"type":"if","locations":[{"start":{"line":28,"column":2},"end":{"line":30,"column":null}},{"start":{"line":28,"column":2},"end":{"line":30,"column":null}}]},"7":{"loc":{"start":{"line":37,"column":9},"end":{"line":37,"column":30}},"type":"binary-expr","locations":[{"start":{"line":37,"column":9},"end":{"line":37,"column":30}},{"start":{"line":37,"column":34},"end":{"line":37,"column":40}}]}},"s":{"0":1,"1":1,"2":1,"3":1,"4":740,"5":0,"6":740,"7":0,"8":740,"9":740,"10":726,"11":668,"12":667,"13":666,"14":662,"15":31,"16":1,"17":48,"18":0,"19":48,"20":1,"21":47,"22":0,"23":47,"24":47,"25":47,"26":1,"27":1,"28":3,"29":1,"30":1,"31":1,"32":1,"33":1},"f":{"0":740,"1":668,"2":48,"3":3,"4":1},"b":{"0":[0,740],"1":[0,740],"2":[2,724],"3":[662,4],"4":[0,48],"5":[1,47],"6":[0,47],"7":[3,0]}}
,"D:\\PROJECT\\vvix\\lib\\shared\\index.ts": {"path":"D:\\PROJECT\\vvix\\lib\\shared\\index.ts","statementMap":{"0":{"start":{"line":11,"column":21},"end":{"line":13,"column":1}},"1":{"start":{"line":12,"column":2},"end":{"line":12,"column":null}},"2":{"start":{"line":11,"column":13},"end":{"line":11,"column":21}},"3":{"start":{"line":14,"column":20},"end":{"line":17,"column":1}},"4":{"start":{"line":15,"column":2},"end":{"line":15,"column":null}},"5":{"start":{"line":16,"column":2},"end":{"line":16,"column":null}},"6":{"start":{"line":14,"column":13},"end":{"line":14,"column":20}},"7":{"start":{"line":19,"column":27},"end":{"line":19,"column":97}},"8":{"start":{"line":19,"column":53},"end":{"line":19,"column":97}},"9":{"start":{"line":19,"column":13},"end":{"line":19,"column":27}},"10":{"start":{"line":21,"column":28},"end":{"line":32,"column":1}},"11":{"start":{"line":22,"column":2},"end":{"line":23,"column":null}},"12":{"start":{"line":23,"column":4},"end":{"line":23,"column":null}},"13":{"start":{"line":25,"column":2},"end":{"line":29,"column":null}},"14":{"start":{"line":26,"column":4},"end":{"line":28,"column":null}},"15":{"start":{"line":27,"column":6},"end":{"line":27,"column":null}},"16":{"start":{"line":31,"column":2},"end":{"line":31,"column":null}},"17":{"start":{"line":21,"column":13},"end":{"line":21,"column":28}}},"fnMap":{"0":{"name":"(anonymous_0)","decl":{"start":{"line":11,"column":21},"end":{"line":11,"column":22}},"loc":{"start":{"line":11,"column":37},"end":{"line":13,"column":1}}},"1":{"name":"(anonymous_1)","decl":{"start":{"line":14,"column":20},"end":{"line":14,"column":21}},"loc":{"start":{"line":14,"column":46},"end":{"line":17,"column":1}}},"2":{"name":"(anonymous_2)","decl":{"start":{"line":19,"column":27},"end":{"line":19,"column":28}},"loc":{"start":{"line":19,"column":53},"end":{"line":19,"column":97}}},"3":{"name":"(anonymous_3)","decl":{"start":{"line":21,"column":28},"end":{"line":21,"column":29}},"loc":{"start":{"line":21,"column":92},"end":{"line":32,"column":1}}}},"branchMap":{"0":{"loc":{"start":{"line":19,"column":53},"end":{"line":19,"column":74}},"type":"binary-expr","locations":[{"start":{"line":19,"column":53},"end":{"line":19,"column":74}},{"start":{"line":19,"column":78},"end":{"line":19,"column":97}}]},"1":{"loc":{"start":{"line":22,"column":2},"end":{"line":23,"column":null}},"type":"if","locations":[{"start":{"line":22,"column":2},"end":{"line":23,"column":null}},{"start":{"line":22,"column":2},"end":{"line":23,"column":null}}]},"2":{"loc":{"start":{"line":26,"column":4},"end":{"line":28,"column":null}},"type":"if","locations":[{"start":{"line":26,"column":4},"end":{"line":28,"column":null}},{"start":{"line":26,"column":4},"end":{"line":28,"column":null}}]},"3":{"loc":{"start":{"line":26,"column":8},"end":{"line":26,"column":24}},"type":"binary-expr","locations":[{"start":{"line":26,"column":8},"end":{"line":26,"column":24}},{"start":{"line":26,"column":28},"end":{"line":26,"column":55}}]}},"s":{"0":1,"1":0,"2":1,"3":1,"4":0,"5":0,"6":1,"7":1,"8":0,"9":1,"10":1,"11":0,"12":0,"13":0,"14":0,"15":0,"16":0,"17":1},"f":{"0":0,"1":0,"2":0,"3":0},"b":{"0":[0,0],"1":[0,0],"2":[0,0],"3":[0,0]}}
,"D:\\PROJECT\\vvix\\lib\\vdom\\index.ts": {"path":"D:\\PROJECT\\vvix\\lib\\vdom\\index.ts","statementMap":{"0":{"start":{"line":1,"column":0},"end":{"line":1,"column":22}}},"fnMap":{},"branchMap":{},"s":{"0":1},"f":{},"b":{}}
,"D:\\PROJECT\\vvix\\lib\\vdom\\vdom.ts": {"path":"D:\\PROJECT\\vvix\\lib\\vdom\\vdom.ts","statementMap":{"0":{"start":{"line":2,"column":0},"end":{"line":2,"column":33}},"1":{"start":{"line":6,"column":2},"end":{"line":6,"column":null}},"2":{"start":{"line":8,"column":4},"end":{"line":8,"column":null}},"3":{"start":{"line":34,"column":0},"end":{"line":34,"column":null}},"4":{"start":{"line":35,"column":2},"end":{"line":35,"column":null}},"5":{"start":{"line":36,"column":2},"end":{"line":36,"column":null}},"6":{"start":{"line":38,"column":0},"end":{"line":38,"column":null}},"7":{"start":{"line":39,"column":2},"end":{"line":39,"column":null}},"8":{"start":{"line":40,"column":2},"end":{"line":40,"column":null}},"9":{"start":{"line":41,"column":2},"end":{"line":41,"column":null}},"10":{"start":{"line":42,"column":2},"end":{"line":42,"column":null}},"11":{"start":{"line":56,"column":2},"end":{"line":56,"column":null}},"12":{"start":{"line":57,"column":2},"end":{"line":57,"column":null}},"13":{"start":{"line":58,"column":2},"end":{"line":58,"column":null}},"14":{"start":{"line":62,"column":2},"end":{"line":62,"column":null}},"15":{"start":{"line":63,"column":2},"end":{"line":63,"column":null}},"16":{"start":{"line":65,"column":4},"end":{"line":65,"column":null}},"17":{"start":{"line":66,"column":4},"end":{"line":79,"column":null}},"18":{"start":{"line":67,"column":6},"end":{"line":67,"column":null}},"19":{"start":{"line":68,"column":6},"end":{"line":76,"column":null}},"20":{"start":{"line":78,"column":6},"end":{"line":78,"column":null}},"21":{"start":{"line":81,"column":4},"end":{"line":81,"column":null}},"22":{"start":{"line":82,"column":28},"end":{"line":82,"column":51}},"23":{"start":{"line":85,"column":4},"end":{"line":103,"column":null}},"24":{"start":{"line":86,"column":6},"end":{"line":86,"column":null}},"25":{"start":{"line":87,"column":11},"end":{"line":103,"column":null}},"26":{"start":{"line":88,"column":6},"end":{"line":88,"column":null}},"27":{"start":{"line":89,"column":11},"end":{"line":103,"column":null}},"28":{"start":{"line":91,"column":6},"end":{"line":97,"column":null}},"29":{"start":{"line":92,"column":8},"end":{"line":92,"column":null}},"30":{"start":{"line":93,"column":13},"end":{"line":97,"column":null}},"31":{"start":{"line":94,"column":8},"end":{"line":94,"column":null}},"32":{"start":{"line":96,"column":8},"end":{"line":96,"column":null}},"33":{"start":{"line":98,"column":11},"end":{"line":103,"column":null}},"34":{"start":{"line":99,"column":6},"end":{"line":99,"column":null}},"35":{"start":{"line":101,"column":6},"end":{"line":101,"column":null}},"36":{"start":{"line":102,"column":6},"end":{"line":102,"column":null}},"37":{"start":{"line":105,"column":4},"end":{"line":112,"column":null}},"38":{"start":{"line":54,"column":0},"end":{"line":54,"column":13}},"39":{"start":{"line":117,"column":33},"end":{"line":117,"column":37}},"40":{"start":{"line":118,"column":2},"end":{"line":124,"column":null}},"41":{"start":{"line":119,"column":4},"end":{"line":119,"column":null}},"42":{"start":{"line":120,"column":9},"end":{"line":124,"column":null}},"43":{"start":{"line":121,"column":4},"end":{"line":121,"column":null}},"44":{"start":{"line":123,"column":4},"end":{"line":123,"column":null}},"45":{"start":{"line":125,"column":2},"end":{"line":125,"column":null}},"46":{"start":{"line":116,"column":0},"end":{"line":116,"column":16}}},"fnMap":{"0":{"name":"(anonymous_0)","decl":{"start":{"line":7,"column":2},"end":{"line":7,"column":14}},"loc":{"start":{"line":7,"column":23},"end":{"line":9,"column":3}}},"1":{"name":"(anonymous_1)","decl":{"start":{"line":34,"column":0},"end":{"line":34,"column":12}},"loc":{"start":{"line":34,"column":22},"end":{"line":37,"column":1}}},"2":{"name":"(anonymous_2)","decl":{"start":{"line":38,"column":0},"end":{"line":38,"column":12}},"loc":{"start":{"line":38,"column":25},"end":{"line":43,"column":1}}},"3":{"name":"(anonymous_3)","decl":{"start":{"line":64,"column":2},"end":{"line":64,"column":14}},"loc":{"start":{"line":64,"column":73},"end":{"line":113,"column":3}}},"4":{"name":"createVNode","decl":{"start":{"line":116,"column":16},"end":{"line":116,"column":27}},"loc":{"start":{"line":116,"column":102},"end":{"line":126,"column":1}}}},"branchMap":{"0":{"loc":{"start":{"line":8,"column":19},"end":{"line":8,"column":24}},"type":"binary-expr","locations":[{"start":{"line":8,"column":19},"end":{"line":8,"column":24}},{"start":{"line":8,"column":28},"end":{"line":8,"column":32}}]},"1":{"loc":{"start":{"line":34,"column":12},"end":{"line":34,"column":22}},"type":"binary-expr","locations":[{"start":{"line":34,"column":12},"end":{"line":34,"column":22}},{"start":{"line":34,"column":12},"end":{"line":34,"column":null}}]},"2":{"loc":{"start":{"line":38,"column":12},"end":{"line":38,"column":25}},"type":"binary-expr","locations":[{"start":{"line":38,"column":12},"end":{"line":38,"column":25}},{"start":{"line":38,"column":12},"end":{"line":38,"column":null}}]},"3":{"loc":{"start":{"line":66,"column":4},"end":{"line":79,"column":null}},"type":"if","locations":[{"start":{"line":66,"column":4},"end":{"line":79,"column":null}},{"start":{"line":66,"column":4},"end":{"line":79,"column":null}}]},"4":{"loc":{"start":{"line":69,"column":16},"end":{"line":69,"column":26}},"type":"binary-expr","locations":[{"start":{"line":69,"column":16},"end":{"line":69,"column":26}},{"start":{"line":69,"column":30},"end":{"line":69,"column":32}}]},"5":{"loc":{"start":{"line":85,"column":4},"end":{"line":103,"column":null}},"type":"if","locations":[{"start":{"line":85,"column":4},"end":{"line":103,"column":null}},{"start":{"line":85,"column":4},"end":{"line":103,"column":null}}]},"6":{"loc":{"start":{"line":87,"column":11},"end":{"line":103,"column":null}},"type":"if","locations":[{"start":{"line":87,"column":11},"end":{"line":103,"column":null}},{"start":{"line":87,"column":11},"end":{"line":103,"column":null}}]},"7":{"loc":{"start":{"line":89,"column":11},"end":{"line":103,"column":null}},"type":"if","locations":[{"start":{"line":89,"column":11},"end":{"line":103,"column":null}},{"start":{"line":89,"column":11},"end":{"line":103,"column":null}}]},"8":{"loc":{"start":{"line":91,"column":6},"end":{"line":97,"column":null}},"type":"if","locations":[{"start":{"line":91,"column":6},"end":{"line":97,"column":null}},{"start":{"line":91,"column":6},"end":{"line":97,"column":null}}]},"9":{"loc":{"start":{"line":93,"column":13},"end":{"line":97,"column":null}},"type":"if","locations":[{"start":{"line":93,"column":13},"end":{"line":97,"column":null}},{"start":{"line":93,"column":13},"end":{"line":97,"column":null}}]},"10":{"loc":{"start":{"line":98,"column":11},"end":{"line":103,"column":null}},"type":"if","locations":[{"start":{"line":98,"column":11},"end":{"line":103,"column":null}},{"start":{"line":98,"column":11},"end":{"line":103,"column":null}}]},"11":{"loc":{"start":{"line":106,"column":8},"end":{"line":106,"column":12}},"type":"cond-expr","locations":[{"start":{"line":106,"column":8},"end":{"line":106,"column":12}},{"start":{"line":107,"column":8},"end":{"line":112,"column":16}}]},"12":{"loc":{"start":{"line":108,"column":10},"end":{"line":108,"column":18}},"type":"cond-expr","locations":[{"start":{"line":108,"column":10},"end":{"line":108,"column":18}},{"start":{"line":109,"column":10},"end":{"line":112,"column":16}}]},"13":{"loc":{"start":{"line":110,"column":12},"end":{"line":111,"column":49}},"type":"cond-expr","locations":[{"start":{"line":110,"column":12},"end":{"line":111,"column":49}},{"start":{"line":112,"column":12},"end":{"line":112,"column":16}}]},"14":{"loc":{"start":{"line":111,"column":15},"end":{"line":111,"column":38}},"type":"cond-expr","locations":[{"start":{"line":111,"column":15},"end":{"line":111,"column":38}},{"start":{"line":111,"column":41},"end":{"line":111,"column":49}}]},"15":{"loc":{"start":{"line":118,"column":2},"end":{"line":124,"column":null}},"type":"if","locations":[{"start":{"line":118,"column":2},"end":{"line":124,"column":null}},{"start":{"line":118,"column":2},"end":{"line":124,"column":null}}]},"16":{"loc":{"start":{"line":120,"column":9},"end":{"line":124,"column":null}},"type":"if","locations":[{"start":{"line":120,"column":9},"end":{"line":124,"column":null}},{"start":{"line":120,"column":9},"end":{"line":124,"column":null}}]},"17":{"loc":{"start":{"line":125,"column":25},"end":{"line":125,"column":29}},"type":"binary-expr","locations":[{"start":{"line":125,"column":25},"end":{"line":125,"column":29}},{"start":{"line":125,"column":33},"end":{"line":125,"column":35}}]}},"s":{"0":1,"1":0,"2":0,"3":1,"4":1,"5":1,"6":1,"7":1,"8":1,"9":1,"10":1,"11":2,"12":2,"13":2,"14":2,"15":2,"16":2,"17":2,"18":1,"19":1,"20":1,"21":2,"22":2,"23":2,"24":1,"25":1,"26":1,"27":0,"28":0,"29":0,"30":0,"31":0,"32":0,"33":0,"34":0,"35":0,"36":0,"37":2,"38":1,"39":2,"40":2,"41":1,"42":1,"43":1,"44":0,"45":2,"46":1},"f":{"0":0,"1":1,"2":1,"3":2,"4":2},"b":{"0":[0,0],"1":[1,1],"2":[1,1],"3":[1,1],"4":[1,1],"5":[1,1],"6":[1,0],"7":[0,0],"8":[0,0],"9":[0,0],"10":[0,0],"11":[1,1],"12":[1,0],"13":[0,0],"14":[0,0],"15":[1,1],"16":[1,0],"17":[2,2]}}
}
