TN:
SF:lib\reactivity\effect.ts
FN:19,effect
FN:30,createEffect
FN:31,reactiveEffect
FN:52,(anonymous_3)
FN:57,(anonymous_4)
FN:62,(anonymous_5)
FN:77,(anonymous_6)
FNF:7
FNH:7
FNDA:56,effect
FNDA:56,createEffect
FNDA:709,reactiveEffect
FNDA:662,(anonymous_3)
FNDA:653,(anonymous_4)
FNDA:740,(anonymous_5)
FNDA:2,(anonymous_6)
DA:16,1
DA:17,1
DA:19,1
DA:23,56
DA:24,56
DA:25,55
DA:27,1
DA:30,1
DA:31,56
DA:32,709
DA:33,709
DA:34,709
DA:35,74
DA:37,709
DA:38,709
DA:40,709
DA:41,709
DA:45,56
DA:46,56
DA:47,56
DA:48,56
DA:49,56
DA:52,1
DA:53,662
DA:54,662
DA:55,660
DA:56,660
DA:57,653
DA:60,1
DA:62,1
DA:63,740
DA:64,740
DA:65,41
DA:67,740
DA:68,740
DA:69,61
DA:71,740
DA:72,76
DA:73,76
DA:77,1
DA:78,2
LF:41
LH:41
BRDA:19,0,0,55
BRDA:24,1,0,55
BRDA:24,1,1,1
BRDA:32,2,0,709
BRDA:32,2,1,0
BRDA:34,3,0,74
BRDA:34,3,1,635
BRDA:45,4,0,56
BRDA:45,4,1,55
BRDA:46,5,0,56
BRDA:46,5,1,1
BRDA:54,6,0,2
BRDA:54,6,1,660
BRDA:56,7,0,8
BRDA:56,7,1,652
BRDA:64,8,0,41
BRDA:64,8,1,699
BRDA:68,9,0,61
BRDA:68,9,1,679
BRDA:71,10,0,76
BRDA:71,10,1,664
BRF:21
BRH:20
end_of_record
TN:
SF:lib\reactivity\index.ts
FNF:0
FNH:0
DA:1,1
DA:2,1
LF:2
LH:2
BRF:0
BRH:0
end_of_record
TN:
SF:lib\reactivity\reactive.ts
FN:7,(anonymous_0)
FN:14,(anonymous_1)
FN:24,(anonymous_2)
FN:36,(anonymous_3)
FN:40,(anonymous_4)
FNF:5
FNH:5
FNDA:740,(anonymous_0)
FNDA:668,(anonymous_1)
FNDA:48,(anonymous_2)
FNDA:3,(anonymous_3)
FNDA:1,(anonymous_4)
DA:1,1
DA:3,1
DA:4,1
DA:6,1
DA:8,740
DA:9,740
DA:10,740
DA:11,740
DA:12,726
DA:15,668
DA:16,667
DA:17,666
DA:18,662
DA:20,31
DA:24,1
DA:25,48
DA:26,48
DA:28,47
DA:29,0
DA:31,47
DA:32,47
DA:33,47
DA:36,1
DA:37,3
DA:40,1
DA:41,1
DA:42,1
LF:27
LH:26
BRDA:8,0,0,0
BRDA:8,0,1,740
BRDA:9,1,0,0
BRDA:9,1,1,740
BRDA:12,2,0,2
BRDA:12,2,1,724
BRDA:17,3,0,662
BRDA:17,3,1,4
BRDA:25,4,0,0
BRDA:25,4,1,48
BRDA:26,5,0,1
BRDA:26,5,1,47
BRDA:28,6,0,0
BRDA:28,6,1,47
BRDA:37,7,0,3
BRDA:37,7,1,0
BRF:16
BRH:11
end_of_record
TN:
SF:lib\shared\index.ts
FN:11,(anonymous_0)
FN:14,(anonymous_1)
FN:19,(anonymous_2)
FN:21,(anonymous_3)
FNF:4
FNH:0
FNDA:0,(anonymous_0)
FNDA:0,(anonymous_1)
FNDA:0,(anonymous_2)
FNDA:0,(anonymous_3)
DA:11,1
DA:12,0
DA:14,1
DA:15,0
DA:16,0
DA:19,1
DA:21,1
DA:22,0
DA:23,0
DA:25,0
DA:26,0
DA:27,0
DA:31,0
LF:13
LH:4
BRDA:19,0,0,0
BRDA:19,0,1,0
BRDA:22,1,0,0
BRDA:22,1,1,0
BRDA:26,2,0,0
BRDA:26,2,1,0
BRDA:26,3,0,0
BRDA:26,3,1,0
BRF:8
BRH:0
end_of_record
TN:
SF:lib\vdom\index.ts
FNF:0
FNH:0
DA:1,1
LF:1
LH:1
BRF:0
BRH:0
end_of_record
TN:
SF:lib\vdom\vdom.ts
FN:7,(anonymous_0)
FN:34,(anonymous_1)
FN:38,(anonymous_2)
FN:64,(anonymous_3)
FN:116,createVNode
FNF:5
FNH:4
FNDA:0,(anonymous_0)
FNDA:1,(anonymous_1)
FNDA:1,(anonymous_2)
FNDA:2,(anonymous_3)
FNDA:2,createVNode
DA:2,1
DA:6,0
DA:8,0
DA:34,1
DA:35,1
DA:36,1
DA:38,1
DA:39,1
DA:40,1
DA:41,1
DA:42,1
DA:54,1
DA:56,2
DA:57,2
DA:58,2
DA:62,2
DA:63,2
DA:65,2
DA:66,2
DA:67,1
DA:68,1
DA:78,1
DA:81,2
DA:82,2
DA:85,2
DA:86,1
DA:87,1
DA:88,1
DA:89,0
DA:91,0
DA:92,0
DA:93,0
DA:94,0
DA:96,0
DA:98,0
DA:99,0
DA:101,0
DA:102,0
DA:105,2
DA:116,1
DA:117,2
DA:118,2
DA:119,1
DA:120,1
DA:121,1
DA:123,0
DA:125,2
LF:47
LH:34
BRDA:8,0,0,0
BRDA:8,0,1,0
BRDA:34,1,0,1
BRDA:34,1,1,1
BRDA:38,2,0,1
BRDA:38,2,1,1
BRDA:66,3,0,1
BRDA:66,3,1,1
BRDA:69,4,0,1
BRDA:69,4,1,1
BRDA:85,5,0,1
BRDA:85,5,1,1
BRDA:87,6,0,1
BRDA:87,6,1,0
BRDA:89,7,0,0
BRDA:89,7,1,0
BRDA:91,8,0,0
BRDA:91,8,1,0
BRDA:93,9,0,0
BRDA:93,9,1,0
BRDA:98,10,0,0
BRDA:98,10,1,0
BRDA:106,11,0,1
BRDA:106,11,1,1
BRDA:108,12,0,1
BRDA:108,12,1,0
BRDA:110,13,0,0
BRDA:110,13,1,0
BRDA:111,14,0,0
BRDA:111,14,1,0
BRDA:118,15,0,1
BRDA:118,15,1,1
BRDA:120,16,0,1
BRDA:120,16,1,0
BRDA:125,17,0,2
BRDA:125,17,1,2
BRF:36
BRH:19
end_of_record
